<?xml version="1.0" encoding="UTF-8"?>
<testng-results skipped="0" failed="0" ignored="22" total="27" passed="5">
  <reporter-output>
  </reporter-output>
  <suite name="Suite" duration-ms="46897" started-at="2019-01-13T16:10:20Z" finished-at="2019-01-13T16:11:07Z">
    <groups>
      <group name="parallel">
        <method signature="ParallelExecution.m1()[pri:0, instance:com.demo.testNG.Random.ParallelExecution@32a068d1]" name="m1" class="com.demo.testNG.Random.ParallelExecution"/>
        <method signature="ParallelExecution.m2()[pri:0, instance:com.demo.testNG.Random.ParallelExecution@32a068d1]" name="m2" class="com.demo.testNG.Random.ParallelExecution"/>
        <method signature="ParallelExecution.m3()[pri:0, instance:com.demo.testNG.Random.ParallelExecution@32a068d1]" name="m3" class="com.demo.testNG.Random.ParallelExecution"/>
        <method signature="ParallelExecution.m4()[pri:0, instance:com.demo.testNG.Random.ParallelExecution@32a068d1]" name="m4" class="com.demo.testNG.Random.ParallelExecution"/>
        <method signature="ParallelExecution.m5()[pri:0, instance:com.demo.testNG.Random.ParallelExecution@32a068d1]" name="m5" class="com.demo.testNG.Random.ParallelExecution"/>
      </group> <!-- parallel -->
    </groups>
    <test name="Test" duration-ms="46897" started-at="2019-01-13T16:10:20Z" finished-at="2019-01-13T16:11:07Z">
      <class name="com.demo.testNG.Random.ParallelExecution">
        <test-method status="PASS" signature="returnwd()[pri:0, instance:com.demo.testNG.Random.ParallelExecution@32a068d1]" name="returnwd" is-config="true" duration-ms="6522" started-at="2019-01-13T16:10:20Z" finished-at="2019-01-13T16:10:27Z">
          <reporter-output>
          </reporter-output>
        </test-method> <!-- returnwd -->
        <test-method status="PASS" signature="m2()[pri:0, instance:com.demo.testNG.Random.ParallelExecution@32a068d1]" name="m2" duration-ms="40326" started-at="2019-01-13T16:10:27Z" finished-at="2019-01-13T16:11:07Z">
          <reporter-output>
          </reporter-output>
        </test-method> <!-- m2 -->
        <test-method status="PASS" signature="m3()[pri:0, instance:com.demo.testNG.Random.ParallelExecution@32a068d1]" name="m3" duration-ms="39830" started-at="2019-01-13T16:10:27Z" finished-at="2019-01-13T16:11:07Z">
          <reporter-output>
          </reporter-output>
        </test-method> <!-- m3 -->
        <test-method status="PASS" signature="m5()[pri:0, instance:com.demo.testNG.Random.ParallelExecution@32a068d1]" name="m5" duration-ms="40337" started-at="2019-01-13T16:10:27Z" finished-at="2019-01-13T16:11:07Z">
          <reporter-output>
          </reporter-output>
        </test-method> <!-- m5 -->
        <test-method status="PASS" signature="m4()[pri:0, instance:com.demo.testNG.Random.ParallelExecution@32a068d1]" name="m4" duration-ms="39834" started-at="2019-01-13T16:10:27Z" finished-at="2019-01-13T16:11:07Z">
          <reporter-output>
          </reporter-output>
        </test-method> <!-- m4 -->
        <test-method status="PASS" signature="m1()[pri:0, instance:com.demo.testNG.Random.ParallelExecution@32a068d1]" name="m1" duration-ms="39842" started-at="2019-01-13T16:10:27Z" finished-at="2019-01-13T16:11:07Z">
          <reporter-output>
          </reporter-output>
        </test-method> <!-- m1 -->
      </class> <!-- com.demo.testNG.Random.ParallelExecution -->
    </test> <!-- Test -->
  </suite> <!-- Suite -->
</testng-results>
